# JRE version: OpenJDK Runtime Environment (8.0_152-b01) (build 1.8.0_152-release-1343-b01)
# Java VM: OpenJDK 64-Bit Server VM (25.152-b01 mixed mode windows-amd64 compressed oops)
Heap:
 PSYoungGen      total 75776K, used 27122K [0x00000000e0000000, 0x00000000e7b80000, 0x0000000100000000)
  eden space 65024K, 26% used [0x00000000e0000000,0x00000000e10f64b0,0x00000000e3f80000)
  from space 10752K, 90% used [0x00000000e3f80000,0x00000000e4906408,0x00000000e4a00000)
  to   space 12800K, 0% used [0x00000000e6f00000,0x00000000e6f00000,0x00000000e7b80000)
 ParOldGen       total 115200K, used 11191K [0x00000000a0000000, 0x00000000a7080000, 0x00000000e0000000)
  object space 115200K, 9% used [0x00000000a0000000,0x00000000a0aedf78,0x00000000a7080000)
 Metaspace       used 32928K, capacity 33568K, committed 33792K, reserved 1079296K
  class space    used 4545K, capacity 4745K, committed 4864K, reserved 1048576K
GC Heap History (10 events):
Event: 3.357 GC heap before
{Heap before GC invocations=2 (full 0):
 PSYoungGen      total 75776K, used 71801K [0x00000000e0000000, 0x00000000e5480000, 0x0000000100000000)
  eden space 65024K, 100% used [0x00000000e0000000,0x00000000e3f80000,0x00000000e3f80000)
  from space 10752K, 63% used [0x00000000e3f80000,0x00000000e461e6b0,0x00000000e4a00000)
  to   space 10752K, 0% used [0x00000000e4a00000,0x00000000e4a00000,0x00000000e5480000)
 ParOldGen       total 173568K, used 16K [0x00000000a0000000, 0x00000000aa980000, 0x00000000e0000000)
  object space 173568K, 0% used [0x00000000a0000000,0x00000000a0004000,0x00000000aa980000)
 Metaspace       used 15438K, capacity 15868K, committed 16000K, reserved 1062912K
  class space    used 2187K, capacity 2332K, committed 2432K, reserved 1048576K
Event: 3.369 GC heap after
Heap after GC invocations=2 (full 0):
 PSYoungGen      total 75776K, used 10451K [0x00000000e0000000, 0x00000000e5480000, 0x0000000100000000)
  eden space 65024K, 0% used [0x00000000e0000000,0x00000000e0000000,0x00000000e3f80000)
  from space 10752K, 97% used [0x00000000e4a00000,0x00000000e5434cf8,0x00000000e5480000)
  to   space 10752K, 0% used [0x00000000e3f80000,0x00000000e3f80000,0x00000000e4a00000)
 ParOldGen       total 173568K, used 24K [0x00000000a0000000, 0x00000000aa980000, 0x00000000e0000000)
  object space 173568K, 0% used [0x00000000a0000000,0x00000000a0006000,0x00000000aa980000)
 Metaspace       used 15438K, capacity 15868K, committed 16000K, reserved 1062912K
  class space    used 2187K, capacity 2332K, committed 2432K, reserved 1048576K
}
Event: 4.794 GC heap before
{Heap before GC invocations=3 (full 0):
 PSYoungGen      total 75776K, used 59069K [0x00000000e0000000, 0x00000000e5480000, 0x0000000100000000)
  eden space 65024K, 74% used [0x00000000e0000000,0x00000000e2f7a820,0x00000000e3f80000)
  from space 10752K, 97% used [0x00000000e4a00000,0x00000000e5434cf8,0x00000000e5480000)
  to   space 10752K, 0% used [0x00000000e3f80000,0x00000000e3f80000,0x00000000e4a00000)
 ParOldGen       total 173568K, used 24K [0x00000000a0000000, 0x00000000aa980000, 0x00000000e0000000)
  object space 173568K, 0% used [0x00000000a0000000,0x00000000a0006000,0x00000000aa980000)
 Metaspace       used 20615K, capacity 21092K, committed 21296K, reserved 1067008K
  class space    used 2903K, capacity 3097K, committed 3200K, reserved 1048576K
Event: 4.801 GC heap after
Heap after GC invocations=3 (full 0):
 PSYoungGen      total 75776K, used 10745K [0x00000000e0000000, 0x00000000e5480000, 0x0000000100000000)
  eden space 65024K, 0% used [0x00000000e0000000,0x00000000e0000000,0x00000000e3f80000)
  from space 10752K, 99% used [0x00000000e3f80000,0x00000000e49fe600,0x00000000e4a00000)
  to   space 10752K, 0% used [0x00000000e4a00000,0x00000000e4a00000,0x00000000e5480000)
 ParOldGen       total 173568K, used 722K [0x00000000a0000000, 0x00000000aa980000, 0x00000000e0000000)
  object space 173568K, 0% used [0x00000000a0000000,0x00000000a00b4b90,0x00000000aa980000)
 Metaspace       used 20615K, capacity 21092K, committed 21296K, reserved 1067008K
  class space    used 2903K, capacity 3097K, committed 3200K, reserved 1048576K
}
Event: 4.801 GC heap before
{Heap before GC invocations=4 (full 1):
 PSYoungGen      total 75776K, used 10745K [0x00000000e0000000, 0x00000000e5480000, 0x0000000100000000)
  eden space 65024K, 0% used [0x00000000e0000000,0x00000000e0000000,0x00000000e3f80000)
  from space 10752K, 99% used [0x00000000e3f80000,0x00000000e49fe600,0x00000000e4a00000)
  to   space 10752K, 0% used [0x00000000e4a00000,0x00000000e4a00000,0x00000000e5480000)
 ParOldGen       total 173568K, used 722K [0x00000000a0000000, 0x00000000aa980000, 0x00000000e0000000)
  object space 173568K, 0% used [0x00000000a0000000,0x00000000a00b4b90,0x00000000aa980000)
 Metaspace       used 20615K, capacity 21092K, committed 21296K, reserved 1067008K
  class space    used 2903K, capacity 3097K, committed 3200K, reserved 1048576K
Event: 4.835 GC heap after
Heap after GC invocations=4 (full 1):
 PSYoungGen      total 75776K, used 0K [0x00000000e0000000, 0x00000000e5480000, 0x0000000100000000)
  eden space 65024K, 0% used [0x00000000e0000000,0x00000000e0000000,0x00000000e3f80000)
  from space 10752K, 0% used [0x00000000e3f80000,0x00000000e3f80000,0x00000000e4a00000)
  to   space 10752K, 0% used [0x00000000e4a00000,0x00000000e4a00000,0x00000000e5480000)
 ParOldGen       total 115200K, used 11175K [0x00000000a0000000, 0x00000000a7080000, 0x00000000e0000000)
  object space 115200K, 9% used [0x00000000a0000000,0x00000000a0ae9f78,0x00000000a7080000)
 Metaspace       used 20615K, capacity 21092K, committed 21296K, reserved 1067008K
  class space    used 2903K, capacity 3097K, committed 3200K, reserved 1048576K
}
Event: 5.384 GC heap before
{Heap before GC invocations=5 (full 1):
 PSYoungGen      total 75776K, used 65024K [0x00000000e0000000, 0x00000000e5480000, 0x0000000100000000)
  eden space 65024K, 100% used [0x00000000e0000000,0x00000000e3f80000,0x00000000e3f80000)
  from space 10752K, 0% used [0x00000000e3f80000,0x00000000e3f80000,0x00000000e4a00000)
  to   space 10752K, 0% used [0x00000000e4a00000,0x00000000e4a00000,0x00000000e5480000)
 ParOldGen       total 115200K, used 11175K [0x00000000a0000000, 0x00000000a7080000, 0x00000000e0000000)
  object space 115200K, 9% used [0x00000000a0000000,0x00000000a0ae9f78,0x00000000a7080000)
 Metaspace       used 27782K, capacity 28298K, committed 28672K, reserved 1073152K
  class space    used 3792K, capacity 4001K, committed 4096K, reserved 1048576K
Event: 5.388 GC heap after
Heap after GC invocations=5 (full 1):
 PSYoungGen      total 75776K, used 7284K [0x00000000e0000000, 0x00000000e7100000, 0x0000000100000000)
  eden space 65024K, 0% used [0x00000000e0000000,0x00000000e0000000,0x00000000e3f80000)
  from space 10752K, 67% used [0x00000000e4a00000,0x00000000e511d1c8,0x00000000e5480000)
  to   space 10752K, 0% used [0x00000000e3f80000,0x00000000e3f80000,0x00000000e4a00000)
 ParOldGen       total 115200K, used 11183K [0x00000000a0000000, 0x00000000a7080000, 0x00000000e0000000)
  object space 115200K, 9% used [0x00000000a0000000,0x00000000a0aebf78,0x00000000a7080000)
 Metaspace       used 27782K, capacity 28298K, committed 28672K, reserved 1073152K
  class space    used 3792K, capacity 4001K, committed 4096K, reserved 1048576K
}
Event: 6.335 GC heap before
{Heap before GC invocations=6 (full 1):
 PSYoungGen      total 75776K, used 72308K [0x00000000e0000000, 0x00000000e7100000, 0x0000000100000000)
  eden space 65024K, 100% used [0x00000000e0000000,0x00000000e3f80000,0x00000000e3f80000)
  from space 10752K, 67% used [0x00000000e4a00000,0x00000000e511d1c8,0x00000000e5480000)
  to   space 10752K, 0% used [0x00000000e3f80000,0x00000000e3f80000,0x00000000e4a00000)
 ParOldGen       total 115200K, used 11183K [0x00000000a0000000, 0x00000000a7080000, 0x00000000e0000000)
  object space 115200K, 9% used [0x00000000a0000000,0x00000000a0aebf78,0x00000000a7080000)
 Metaspace       used 32349K, capacity 32954K, committed 33152K, reserved 1077248K
  class space    used 4451K, capacity 4647K, committed 4736K, reserved 1048576K
Event: 6.351 GC heap after
Heap after GC invocations=6 (full 1):
 PSYoungGen      total 75776K, used 9753K [0x00000000e0000000, 0x00000000e7b80000, 0x0000000100000000)
  eden space 65024K, 0% used [0x00000000e0000000,0x00000000e0000000,0x00000000e3f80000)
  from space 10752K, 90% used [0x00000000e3f80000,0x00000000e4906408,0x00000000e4a00000)
  to   space 12800K, 0% used [0x00000000e6f00000,0x00000000e6f00000,0x00000000e7b80000)
 ParOldGen       total 115200K, used 11191K [0x00000000a0000000, 0x00000000a7080000, 0x00000000e0000000)
  object space 115200K, 9% used [0x00000000a0000000,0x00000000a0aedf78,0x00000000a7080000)
 Metaspace       used 32349K, capacity 32954K, committed 33152K, reserved 1077248K
  class space    used 4451K, capacity 4647K, committed 4736K, reserved 1048576K
}

